Watching for file changes with StatReloader
Watching for file changes with StatReloader
[15/Jul/2026 19:52:29] "GET /api/curator/requests/ HTTP/1.1" 200 1982
[15/Jul/2026 19:52:29] "GET /api/curator/requests/ HTTP/1.1" 200 1982
[15/Jul/2026 19:53:59] "OPTIONS /api/curator/requests/5/ HTTP/1.1" 200 0
Internal Server Error: /api/curator/requests/5/
Traceback (most recent call last):
  File "/home/redoslek/projects/technikum-portal/venv/lib64/python3.11/site-packages/django/core/handlers/exception.py", line 55, in inner
    response = get_response(request)
               ^^^^^^^^^^^^^^^^^^^^^
  File "/home/redoslek/projects/technikum-portal/venv/lib64/python3.11/site-packages/django/core/handlers/base.py", line 197, in _get_response
    response = wrapped_callback(request, *callback_args, **callback_kwargs)
               ^^^^^^^^^^^^^^^^^^^^^^^^^^^^^^^^^^^^^^^^^^^^^^^^^^^^^^^^^^^^
  File "/home/redoslek/projects/technikum-portal/venv/lib64/python3.11/site-packages/django/views/decorators/csrf.py", line 65, in _view_wrapper
    return view_func(request, *args, **kwargs)
           ^^^^^^^^^^^^^^^^^^^^^^^^^^^^^^^^^^^
  File "/home/redoslek/projects/technikum-portal/venv/lib64/python3.11/site-packages/django/views/generic/base.py", line 104, in view
    return self.dispatch(request, *args, **kwargs)
           ^^^^^^^^^^^^^^^^^^^^^^^^^^^^^^^^^^^^^^^
  File "/home/redoslek/projects/technikum-portal/venv/lib64/python3.11/site-packages/rest_framework/views.py", line 509, in dispatch
    response = self.handle_exception(exc)
               ^^^^^^^^^^^^^^^^^^^^^^^^^^
  File "/home/redoslek/projects/technikum-portal/venv/lib64/python3.11/site-packages/rest_framework/views.py", line 469, in handle_exception
    self.raise_uncaught_exception(exc)
  File "/home/redoslek/projects/technikum-portal/venv/lib64/python3.11/site-packages/rest_framework/views.py", line 480, in raise_uncaught_exception
    raise exc
  File "/home/redoslek/projects/technikum-portal/venv/lib64/python3.11/site-packages/rest_framework/views.py", line 506, in dispatch
    response = handler(request, *args, **kwargs)
               ^^^^^^^^^^^^^^^^^^^^^^^^^^^^^^^^^
  File "/home/redoslek/projects/technikum-portal/core/api_views.py", line 1064, in patch
    if req.student.group != request.user.curator.group:
                            ^^^^^^^^^^^^^^^^^^^^
AttributeError: 'User' object has no attribute 'curator'
Internal Server Error: /api/curator/requests/5/
Traceback (most recent call last):
  File "/home/redoslek/projects/technikum-portal/venv/lib64/python3.11/site-packages/django/core/handlers/exception.py", line 55, in inner
    response = get_response(request)
               ^^^^^^^^^^^^^^^^^^^^^
  File "/home/redoslek/projects/technikum-portal/venv/lib64/python3.11/site-packages/django/core/handlers/base.py", line 197, in _get_response
    response = wrapped_callback(request, *callback_args, **callback_kwargs)
               ^^^^^^^^^^^^^^^^^^^^^^^^^^^^^^^^^^^^^^^^^^^^^^^^^^^^^^^^^^^^
  File "/home/redoslek/projects/technikum-portal/venv/lib64/python3.11/site-packages/django/views/decorators/csrf.py", line 65, in _view_wrapper
    return view_func(request, *args, **kwargs)
           ^^^^^^^^^^^^^^^^^^^^^^^^^^^^^^^^^^^
  File "/home/redoslek/projects/technikum-portal/venv/lib64/python3.11/site-packages/django/views/generic/base.py", line 104, in view
    return self.dispatch(request, *args, **kwargs)
           ^^^^^^^^^^^^^^^^^^^^^^^^^^^^^^^^^^^^^^^
  File "/home/redoslek/projects/technikum-portal/venv/lib64/python3.11/site-packages/rest_framework/views.py", line 509, in dispatch
    response = self.handle_exception(exc)
               ^^^^^^^^^^^^^^^^^^^^^^^^^^
  File "/home/redoslek/projects/technikum-portal/venv/lib64/python3.11/site-packages/rest_framework/views.py", line 469, in handle_exception
    self.raise_uncaught_exception(exc)
  File "/home/redoslek/projects/technikum-portal/venv/lib64/python3.11/site-packages/rest_framework/views.py", line 480, in raise_uncaught_exception
    raise exc
  File "/home/redoslek/projects/technikum-portal/venv/lib64/python3.11/site-packages/rest_framework/views.py", line 506, in dispatch
    response = handler(request, *args, **kwargs)
               ^^^^^^^^^^^^^^^^^^^^^^^^^^^^^^^^^
  File "/home/redoslek/projects/technikum-portal/core/api_views.py", line 1064, in patch
    if req.student.group != request.user.curator.group:
                            ^^^^^^^^^^^^^^^^^^^^
AttributeError: 'User' object has no attribute 'curator'
[15/Jul/2026 19:53:59] "PATCH /api/curator/requests/5/ HTTP/1.1" 500 98934
Internal Server Error: /api/curator/requests/5/
Traceback (most recent call last):
  File "/home/redoslek/projects/technikum-portal/venv/lib64/python3.11/site-packages/django/core/handlers/exception.py", line 55, in inner
    response = get_response(request)
               ^^^^^^^^^^^^^^^^^^^^^
  File "/home/redoslek/projects/technikum-portal/venv/lib64/python3.11/site-packages/django/core/handlers/base.py", line 197, in _get_response
    response = wrapped_callback(request, *callback_args, **callback_kwargs)
               ^^^^^^^^^^^^^^^^^^^^^^^^^^^^^^^^^^^^^^^^^^^^^^^^^^^^^^^^^^^^
  File "/home/redoslek/projects/technikum-portal/venv/lib64/python3.11/site-packages/django/views/decorators/csrf.py", line 65, in _view_wrapper
    return view_func(request, *args, **kwargs)
           ^^^^^^^^^^^^^^^^^^^^^^^^^^^^^^^^^^^
  File "/home/redoslek/projects/technikum-portal/venv/lib64/python3.11/site-packages/django/views/generic/base.py", line 104, in view
    return self.dispatch(request, *args, **kwargs)
           ^^^^^^^^^^^^^^^^^^^^^^^^^^^^^^^^^^^^^^^
  File "/home/redoslek/projects/technikum-portal/venv/lib64/python3.11/site-packages/rest_framework/views.py", line 509, in dispatch
    response = self.handle_exception(exc)
               ^^^^^^^^^^^^^^^^^^^^^^^^^^
  File "/home/redoslek/projects/technikum-portal/venv/lib64/python3.11/site-packages/rest_framework/views.py", line 469, in handle_exception
    self.raise_uncaught_exception(exc)
  File "/home/redoslek/projects/technikum-portal/venv/lib64/python3.11/site-packages/rest_framework/views.py", line 480, in raise_uncaught_exception
    raise exc
  File "/home/redoslek/projects/technikum-portal/venv/lib64/python3.11/site-packages/rest_framework/views.py", line 506, in dispatch
    response = handler(request, *args, **kwargs)
               ^^^^^^^^^^^^^^^^^^^^^^^^^^^^^^^^^
  File "/home/redoslek/projects/technikum-portal/core/api_views.py", line 1064, in patch
    if req.student.group != request.user.curator.group:
                            ^^^^^^^^^^^^^^^^^^^^
AttributeError: 'User' object has no attribute 'curator'
Internal Server Error: /api/curator/requests/5/
Traceback (most recent call last):
  File "/home/redoslek/projects/technikum-portal/venv/lib64/python3.11/site-packages/django/core/handlers/exception.py", line 55, in inner
    response = get_response(request)
               ^^^^^^^^^^^^^^^^^^^^^
  File "/home/redoslek/projects/technikum-portal/venv/lib64/python3.11/site-packages/django/core/handlers/base.py", line 197, in _get_response
    response = wrapped_callback(request, *callback_args, **callback_kwargs)
               ^^^^^^^^^^^^^^^^^^^^^^^^^^^^^^^^^^^^^^^^^^^^^^^^^^^^^^^^^^^^
  File "/home/redoslek/projects/technikum-portal/venv/lib64/python3.11/site-packages/django/views/decorators/csrf.py", line 65, in _view_wrapper
    return view_func(request, *args, **kwargs)
           ^^^^^^^^^^^^^^^^^^^^^^^^^^^^^^^^^^^
  File "/home/redoslek/projects/technikum-portal/venv/lib64/python3.11/site-packages/django/views/generic/base.py", line 104, in view
    return self.dispatch(request, *args, **kwargs)
           ^^^^^^^^^^^^^^^^^^^^^^^^^^^^^^^^^^^^^^^
  File "/home/redoslek/projects/technikum-portal/venv/lib64/python3.11/site-packages/rest_framework/views.py", line 509, in dispatch
    response = self.handle_exception(exc)
               ^^^^^^^^^^^^^^^^^^^^^^^^^^
  File "/home/redoslek/projects/technikum-portal/venv/lib64/python3.11/site-packages/rest_framework/views.py", line 469, in handle_exception
    self.raise_uncaught_exception(exc)
  File "/home/redoslek/projects/technikum-portal/venv/lib64/python3.11/site-packages/rest_framework/views.py", line 480, in raise_uncaught_exception
    raise exc
  File "/home/redoslek/projects/technikum-portal/venv/lib64/python3.11/site-packages/rest_framework/views.py", line 506, in dispatch
    response = handler(request, *args, **kwargs)
               ^^^^^^^^^^^^^^^^^^^^^^^^^^^^^^^^^
  File "/home/redoslek/projects/technikum-portal/core/api_views.py", line 1064, in patch
    if req.student.group != request.user.curator.group:
                            ^^^^^^^^^^^^^^^^^^^^
AttributeError: 'User' object has no attribute 'curator'
[15/Jul/2026 19:54:02] "PATCH /api/curator/requests/5/ HTTP/1.1" 500 98934
Internal Server Error: /api/curator/requests/5/
Traceback (most recent call last):
  File "/home/redoslek/projects/technikum-portal/venv/lib64/python3.11/site-packages/django/core/handlers/exception.py", line 55, in inner
    response = get_response(request)
               ^^^^^^^^^^^^^^^^^^^^^
  File "/home/redoslek/projects/technikum-portal/venv/lib64/python3.11/site-packages/django/core/handlers/base.py", line 197, in _get_response
    response = wrapped_callback(request, *callback_args, **callback_kwargs)
               ^^^^^^^^^^^^^^^^^^^^^^^^^^^^^^^^^^^^^^^^^^^^^^^^^^^^^^^^^^^^
  File "/home/redoslek/projects/technikum-portal/venv/lib64/python3.11/site-packages/django/views/decorators/csrf.py", line 65, in _view_wrapper
    return view_func(request, *args, **kwargs)
           ^^^^^^^^^^^^^^^^^^^^^^^^^^^^^^^^^^^
  File "/home/redoslek/projects/technikum-portal/venv/lib64/python3.11/site-packages/django/views/generic/base.py", line 104, in view
    return self.dispatch(request, *args, **kwargs)
           ^^^^^^^^^^^^^^^^^^^^^^^^^^^^^^^^^^^^^^^
  File "/home/redoslek/projects/technikum-portal/venv/lib64/python3.11/site-packages/rest_framework/views.py", line 509, in dispatch
    response = self.handle_exception(exc)
               ^^^^^^^^^^^^^^^^^^^^^^^^^^
  File "/home/redoslek/projects/technikum-portal/venv/lib64/python3.11/site-packages/rest_framework/views.py", line 469, in handle_exception
    self.raise_uncaught_exception(exc)
  File "/home/redoslek/projects/technikum-portal/venv/lib64/python3.11/site-packages/rest_framework/views.py", line 480, in raise_uncaught_exception
    raise exc
  File "/home/redoslek/projects/technikum-portal/venv/lib64/python3.11/site-packages/rest_framework/views.py", line 506, in dispatch
    response = handler(request, *args, **kwargs)
               ^^^^^^^^^^^^^^^^^^^^^^^^^^^^^^^^^
  File "/home/redoslek/projects/technikum-portal/core/api_views.py", line 1064, in patch
    if req.student.group != request.user.curator.group:
                            ^^^^^^^^^^^^^^^^^^^^
AttributeError: 'User' object has no attribute 'curator'
Internal Server Error: /api/curator/requests/5/
Traceback (most recent call last):
  File "/home/redoslek/projects/technikum-portal/venv/lib64/python3.11/site-packages/django/core/handlers/exception.py", line 55, in inner
    response = get_response(request)
               ^^^^^^^^^^^^^^^^^^^^^
  File "/home/redoslek/projects/technikum-portal/venv/lib64/python3.11/site-packages/django/core/handlers/base.py", line 197, in _get_response
    response = wrapped_callback(request, *callback_args, **callback_kwargs)
               ^^^^^^^^^^^^^^^^^^^^^^^^^^^^^^^^^^^^^^^^^^^^^^^^^^^^^^^^^^^^
  File "/home/redoslek/projects/technikum-portal/venv/lib64/python3.11/site-packages/django/views/decorators/csrf.py", line 65, in _view_wrapper
    return view_func(request, *args, **kwargs)
           ^^^^^^^^^^^^^^^^^^^^^^^^^^^^^^^^^^^
  File "/home/redoslek/projects/technikum-portal/venv/lib64/python3.11/site-packages/django/views/generic/base.py", line 104, in view
    return self.dispatch(request, *args, **kwargs)
           ^^^^^^^^^^^^^^^^^^^^^^^^^^^^^^^^^^^^^^^
  File "/home/redoslek/projects/technikum-portal/venv/lib64/python3.11/site-packages/rest_framework/views.py", line 509, in dispatch
    response = self.handle_exception(exc)
               ^^^^^^^^^^^^^^^^^^^^^^^^^^
  File "/home/redoslek/projects/technikum-portal/venv/lib64/python3.11/site-packages/rest_framework/views.py", line 469, in handle_exception
    self.raise_uncaught_exception(exc)
  File "/home/redoslek/projects/technikum-portal/venv/lib64/python3.11/site-packages/rest_framework/views.py", line 480, in raise_uncaught_exception
    raise exc
  File "/home/redoslek/projects/technikum-portal/venv/lib64/python3.11/site-packages/rest_framework/views.py", line 506, in dispatch
    response = handler(request, *args, **kwargs)
               ^^^^^^^^^^^^^^^^^^^^^^^^^^^^^^^^^
  File "/home/redoslek/projects/technikum-portal/core/api_views.py", line 1064, in patch
    if req.student.group != request.user.curator.group:
                            ^^^^^^^^^^^^^^^^^^^^
AttributeError: 'User' object has no attribute 'curator'
[15/Jul/2026 19:54:16] "PATCH /api/curator/requests/5/ HTTP/1.1" 500 98934
Internal Server Error: /api/curator/requests/5/
Traceback (most recent call last):
  File "/home/redoslek/projects/technikum-portal/venv/lib64/python3.11/site-packages/django/core/handlers/exception.py", line 55, in inner
    response = get_response(request)
               ^^^^^^^^^^^^^^^^^^^^^
  File "/home/redoslek/projects/technikum-portal/venv/lib64/python3.11/site-packages/django/core/handlers/base.py", line 197, in _get_response
    response = wrapped_callback(request, *callback_args, **callback_kwargs)
               ^^^^^^^^^^^^^^^^^^^^^^^^^^^^^^^^^^^^^^^^^^^^^^^^^^^^^^^^^^^^
  File "/home/redoslek/projects/technikum-portal/venv/lib64/python3.11/site-packages/django/views/decorators/csrf.py", line 65, in _view_wrapper
    return view_func(request, *args, **kwargs)
           ^^^^^^^^^^^^^^^^^^^^^^^^^^^^^^^^^^^
  File "/home/redoslek/projects/technikum-portal/venv/lib64/python3.11/site-packages/django/views/generic/base.py", line 104, in view
    return self.dispatch(request, *args, **kwargs)
           ^^^^^^^^^^^^^^^^^^^^^^^^^^^^^^^^^^^^^^^
  File "/home/redoslek/projects/technikum-portal/venv/lib64/python3.11/site-packages/rest_framework/views.py", line 509, in dispatch
    response = self.handle_exception(exc)
               ^^^^^^^^^^^^^^^^^^^^^^^^^^
  File "/home/redoslek/projects/technikum-portal/venv/lib64/python3.11/site-packages/rest_framework/views.py", line 469, in handle_exception
    self.raise_uncaught_exception(exc)
  File "/home/redoslek/projects/technikum-portal/venv/lib64/python3.11/site-packages/rest_framework/views.py", line 480, in raise_uncaught_exception
    raise exc
  File "/home/redoslek/projects/technikum-portal/venv/lib64/python3.11/site-packages/rest_framework/views.py", line 506, in dispatch
    response = handler(request, *args, **kwargs)
               ^^^^^^^^^^^^^^^^^^^^^^^^^^^^^^^^^
  File "/home/redoslek/projects/technikum-portal/core/api_views.py", line 1064, in patch
    if req.student.group != request.user.curator.group:
                            ^^^^^^^^^^^^^^^^^^^^
AttributeError: 'User' object has no attribute 'curator'
Internal Server Error: /api/curator/requests/5/
Traceback (most recent call last):
  File "/home/redoslek/projects/technikum-portal/venv/lib64/python3.11/site-packages/django/core/handlers/exception.py", line 55, in inner
    response = get_response(request)
               ^^^^^^^^^^^^^^^^^^^^^
  File "/home/redoslek/projects/technikum-portal/venv/lib64/python3.11/site-packages/django/core/handlers/base.py", line 197, in _get_response
    response = wrapped_callback(request, *callback_args, **callback_kwargs)
               ^^^^^^^^^^^^^^^^^^^^^^^^^^^^^^^^^^^^^^^^^^^^^^^^^^^^^^^^^^^^
  File "/home/redoslek/projects/technikum-portal/venv/lib64/python3.11/site-packages/django/views/decorators/csrf.py", line 65, in _view_wrapper
    return view_func(request, *args, **kwargs)
           ^^^^^^^^^^^^^^^^^^^^^^^^^^^^^^^^^^^
  File "/home/redoslek/projects/technikum-portal/venv/lib64/python3.11/site-packages/django/views/generic/base.py", line 104, in view
    return self.dispatch(request, *args, **kwargs)
           ^^^^^^^^^^^^^^^^^^^^^^^^^^^^^^^^^^^^^^^
  File "/home/redoslek/projects/technikum-portal/venv/lib64/python3.11/site-packages/rest_framework/views.py", line 509, in dispatch
    response = self.handle_exception(exc)
               ^^^^^^^^^^^^^^^^^^^^^^^^^^
  File "/home/redoslek/projects/technikum-portal/venv/lib64/python3.11/site-packages/rest_framework/views.py", line 469, in handle_exception
    self.raise_uncaught_exception(exc)
  File "/home/redoslek/projects/technikum-portal/venv/lib64/python3.11/site-packages/rest_framework/views.py", line 480, in raise_uncaught_exception
    raise exc
  File "/home/redoslek/projects/technikum-portal/venv/lib64/python3.11/site-packages/rest_framework/views.py", line 506, in dispatch
    response = handler(request, *args, **kwargs)
               ^^^^^^^^^^^^^^^^^^^^^^^^^^^^^^^^^
  File "/home/redoslek/projects/technikum-portal/core/api_views.py", line 1064, in patch
    if req.student.group != request.user.curator.group:
                            ^^^^^^^^^^^^^^^^^^^^
AttributeError: 'User' object has no attribute 'curator'
[15/Jul/2026 19:54:19] "PATCH /api/curator/requests/5/ HTTP/1.1" 500 98934
/home/redoslek/projects/technikum-portal/core/api_views.py changed, reloading.
/home/redoslek/projects/technikum-portal/core/api_views.py changed, reloading.
Performing system checks...

System check identified no issues (0 silenced).
July 15, 2026 - 19:52:29
Django version 5.0.6, using settings 'config.settings'
Starting development server at http://0.0.0.0:8000/
Quit the server with CONTROL-C.

Watching for file changes with StatReloader
Watching for file changes with StatReloader
